G75*
G70*
%OFA0B0*%
%FSLAX24Y24*%
%IPPOS*%
%LPD*%
%AMOC8*
5,1,8,0,0,1.08239X$1,22.5*
%
%ADD10C,0.0000*%
D10*
X000675Y001018D02*
X000675Y016766D01*
X016423Y016766D01*
X016423Y001018D01*
X000675Y001018D01*
X000971Y002002D02*
X000974Y002065D01*
X000982Y002127D01*
X000997Y002188D01*
X001016Y002247D01*
X001041Y002305D01*
X001071Y002360D01*
X001106Y002412D01*
X001146Y002461D01*
X001190Y002506D01*
X001237Y002546D01*
X001289Y002582D01*
X001343Y002614D01*
X001400Y002640D01*
X001459Y002661D01*
X001520Y002677D01*
X001582Y002687D01*
X001644Y002691D01*
X001707Y002689D01*
X001769Y002682D01*
X001831Y002670D01*
X001891Y002651D01*
X001949Y002628D01*
X002004Y002599D01*
X002057Y002565D01*
X002107Y002526D01*
X002153Y002484D01*
X002194Y002437D01*
X002232Y002386D01*
X002264Y002333D01*
X002292Y002276D01*
X002314Y002218D01*
X002331Y002158D01*
X002343Y002096D01*
X002348Y002033D01*
X002348Y001971D01*
X002343Y001908D01*
X002331Y001846D01*
X002314Y001786D01*
X002292Y001728D01*
X002264Y001671D01*
X002232Y001618D01*
X002194Y001567D01*
X002153Y001520D01*
X002107Y001478D01*
X002057Y001439D01*
X002005Y001405D01*
X001949Y001376D01*
X001891Y001353D01*
X001831Y001334D01*
X001769Y001322D01*
X001707Y001315D01*
X001644Y001313D01*
X001582Y001317D01*
X001520Y001327D01*
X001459Y001343D01*
X001400Y001364D01*
X001343Y001390D01*
X001289Y001422D01*
X001237Y001458D01*
X001190Y001498D01*
X001146Y001543D01*
X001106Y001592D01*
X001071Y001644D01*
X001041Y001699D01*
X001016Y001757D01*
X000997Y001816D01*
X000982Y001877D01*
X000974Y001939D01*
X000971Y002002D01*
X003569Y002288D02*
X003571Y002315D01*
X003577Y002341D01*
X003587Y002367D01*
X003601Y002390D01*
X003618Y002411D01*
X003639Y002429D01*
X003661Y002443D01*
X003686Y002455D01*
X003712Y002462D01*
X003739Y002465D01*
X003766Y002464D01*
X003793Y002459D01*
X003818Y002450D01*
X003842Y002437D01*
X003864Y002420D01*
X003883Y002401D01*
X003898Y002378D01*
X003910Y002354D01*
X003918Y002328D01*
X003922Y002302D01*
X003922Y002274D01*
X003918Y002248D01*
X003910Y002222D01*
X003898Y002198D01*
X003883Y002175D01*
X003864Y002156D01*
X003842Y002139D01*
X003818Y002126D01*
X003793Y002117D01*
X003766Y002112D01*
X003739Y002111D01*
X003712Y002114D01*
X003686Y002121D01*
X003661Y002133D01*
X003639Y002147D01*
X003618Y002165D01*
X003601Y002186D01*
X003587Y002209D01*
X003577Y002235D01*
X003571Y002261D01*
X003569Y002288D01*
X003569Y003607D02*
X003571Y003634D01*
X003577Y003660D01*
X003587Y003686D01*
X003601Y003709D01*
X003618Y003730D01*
X003639Y003748D01*
X003661Y003762D01*
X003686Y003774D01*
X003712Y003781D01*
X003739Y003784D01*
X003766Y003783D01*
X003793Y003778D01*
X003818Y003769D01*
X003842Y003756D01*
X003864Y003739D01*
X003883Y003720D01*
X003898Y003697D01*
X003910Y003673D01*
X003918Y003647D01*
X003922Y003621D01*
X003922Y003593D01*
X003918Y003567D01*
X003910Y003541D01*
X003898Y003517D01*
X003883Y003494D01*
X003864Y003475D01*
X003842Y003458D01*
X003818Y003445D01*
X003793Y003436D01*
X003766Y003431D01*
X003739Y003430D01*
X003712Y003433D01*
X003686Y003440D01*
X003661Y003452D01*
X003639Y003466D01*
X003618Y003484D01*
X003601Y003505D01*
X003587Y003528D01*
X003577Y003554D01*
X003571Y003580D01*
X003569Y003607D01*
X000971Y015782D02*
X000974Y015845D01*
X000982Y015907D01*
X000997Y015968D01*
X001016Y016027D01*
X001041Y016085D01*
X001071Y016140D01*
X001106Y016192D01*
X001146Y016241D01*
X001190Y016286D01*
X001237Y016326D01*
X001289Y016362D01*
X001343Y016394D01*
X001400Y016420D01*
X001459Y016441D01*
X001520Y016457D01*
X001582Y016467D01*
X001644Y016471D01*
X001707Y016469D01*
X001769Y016462D01*
X001831Y016450D01*
X001891Y016431D01*
X001949Y016408D01*
X002004Y016379D01*
X002057Y016345D01*
X002107Y016306D01*
X002153Y016264D01*
X002194Y016217D01*
X002232Y016166D01*
X002264Y016113D01*
X002292Y016056D01*
X002314Y015998D01*
X002331Y015938D01*
X002343Y015876D01*
X002348Y015813D01*
X002348Y015751D01*
X002343Y015688D01*
X002331Y015626D01*
X002314Y015566D01*
X002292Y015508D01*
X002264Y015451D01*
X002232Y015398D01*
X002194Y015347D01*
X002153Y015300D01*
X002107Y015258D01*
X002057Y015219D01*
X002005Y015185D01*
X001949Y015156D01*
X001891Y015133D01*
X001831Y015114D01*
X001769Y015102D01*
X001707Y015095D01*
X001644Y015093D01*
X001582Y015097D01*
X001520Y015107D01*
X001459Y015123D01*
X001400Y015144D01*
X001343Y015170D01*
X001289Y015202D01*
X001237Y015238D01*
X001190Y015278D01*
X001146Y015323D01*
X001106Y015372D01*
X001071Y015424D01*
X001041Y015479D01*
X001016Y015537D01*
X000997Y015596D01*
X000982Y015657D01*
X000974Y015719D01*
X000971Y015782D01*
X014750Y015782D02*
X014753Y015845D01*
X014761Y015907D01*
X014776Y015968D01*
X014795Y016027D01*
X014820Y016085D01*
X014850Y016140D01*
X014885Y016192D01*
X014925Y016241D01*
X014969Y016286D01*
X015016Y016326D01*
X015068Y016362D01*
X015122Y016394D01*
X015179Y016420D01*
X015238Y016441D01*
X015299Y016457D01*
X015361Y016467D01*
X015423Y016471D01*
X015486Y016469D01*
X015548Y016462D01*
X015610Y016450D01*
X015670Y016431D01*
X015728Y016408D01*
X015783Y016379D01*
X015836Y016345D01*
X015886Y016306D01*
X015932Y016264D01*
X015973Y016217D01*
X016011Y016166D01*
X016043Y016113D01*
X016071Y016056D01*
X016093Y015998D01*
X016110Y015938D01*
X016122Y015876D01*
X016127Y015813D01*
X016127Y015751D01*
X016122Y015688D01*
X016110Y015626D01*
X016093Y015566D01*
X016071Y015508D01*
X016043Y015451D01*
X016011Y015398D01*
X015973Y015347D01*
X015932Y015300D01*
X015886Y015258D01*
X015836Y015219D01*
X015784Y015185D01*
X015728Y015156D01*
X015670Y015133D01*
X015610Y015114D01*
X015548Y015102D01*
X015486Y015095D01*
X015423Y015093D01*
X015361Y015097D01*
X015299Y015107D01*
X015238Y015123D01*
X015179Y015144D01*
X015122Y015170D01*
X015068Y015202D01*
X015016Y015238D01*
X014969Y015278D01*
X014925Y015323D01*
X014885Y015372D01*
X014850Y015424D01*
X014820Y015479D01*
X014795Y015537D01*
X014776Y015596D01*
X014761Y015657D01*
X014753Y015719D01*
X014750Y015782D01*
X014750Y002002D02*
X014753Y002065D01*
X014761Y002127D01*
X014776Y002188D01*
X014795Y002247D01*
X014820Y002305D01*
X014850Y002360D01*
X014885Y002412D01*
X014925Y002461D01*
X014969Y002506D01*
X015016Y002546D01*
X015068Y002582D01*
X015122Y002614D01*
X015179Y002640D01*
X015238Y002661D01*
X015299Y002677D01*
X015361Y002687D01*
X015423Y002691D01*
X015486Y002689D01*
X015548Y002682D01*
X015610Y002670D01*
X015670Y002651D01*
X015728Y002628D01*
X015783Y002599D01*
X015836Y002565D01*
X015886Y002526D01*
X015932Y002484D01*
X015973Y002437D01*
X016011Y002386D01*
X016043Y002333D01*
X016071Y002276D01*
X016093Y002218D01*
X016110Y002158D01*
X016122Y002096D01*
X016127Y002033D01*
X016127Y001971D01*
X016122Y001908D01*
X016110Y001846D01*
X016093Y001786D01*
X016071Y001728D01*
X016043Y001671D01*
X016011Y001618D01*
X015973Y001567D01*
X015932Y001520D01*
X015886Y001478D01*
X015836Y001439D01*
X015784Y001405D01*
X015728Y001376D01*
X015670Y001353D01*
X015610Y001334D01*
X015548Y001322D01*
X015486Y001315D01*
X015423Y001313D01*
X015361Y001317D01*
X015299Y001327D01*
X015238Y001343D01*
X015179Y001364D01*
X015122Y001390D01*
X015068Y001422D01*
X015016Y001458D01*
X014969Y001498D01*
X014925Y001543D01*
X014885Y001592D01*
X014850Y001644D01*
X014820Y001699D01*
X014795Y001757D01*
X014776Y001816D01*
X014761Y001877D01*
X014753Y001939D01*
X014750Y002002D01*
M02*
