G75*
G70*
%OFA0B0*%
%FSLAX24Y24*%
%IPPOS*%
%LPD*%
%AMOC8*
5,1,8,0,0,1.08239X$1,22.5*
%
%ADD10C,0.0000*%
D10*
X000160Y000160D02*
X000160Y015908D01*
X015908Y015908D01*
X015908Y000160D01*
X000160Y000160D01*
X000455Y001144D02*
X000457Y001196D01*
X000463Y001248D01*
X000473Y001299D01*
X000486Y001349D01*
X000504Y001399D01*
X000525Y001446D01*
X000549Y001492D01*
X000578Y001536D01*
X000609Y001578D01*
X000643Y001617D01*
X000680Y001654D01*
X000720Y001687D01*
X000763Y001718D01*
X000807Y001745D01*
X000853Y001769D01*
X000902Y001789D01*
X000951Y001805D01*
X001002Y001818D01*
X001053Y001827D01*
X001105Y001832D01*
X001157Y001833D01*
X001209Y001830D01*
X001261Y001823D01*
X001312Y001812D01*
X001362Y001798D01*
X001411Y001779D01*
X001458Y001757D01*
X001503Y001732D01*
X001547Y001703D01*
X001588Y001671D01*
X001627Y001636D01*
X001662Y001598D01*
X001695Y001557D01*
X001725Y001515D01*
X001751Y001470D01*
X001774Y001423D01*
X001793Y001374D01*
X001809Y001324D01*
X001821Y001274D01*
X001829Y001222D01*
X001833Y001170D01*
X001833Y001118D01*
X001829Y001066D01*
X001821Y001014D01*
X001809Y000964D01*
X001793Y000914D01*
X001774Y000865D01*
X001751Y000818D01*
X001725Y000773D01*
X001695Y000731D01*
X001662Y000690D01*
X001627Y000652D01*
X001588Y000617D01*
X001547Y000585D01*
X001503Y000556D01*
X001458Y000531D01*
X001411Y000509D01*
X001362Y000490D01*
X001312Y000476D01*
X001261Y000465D01*
X001209Y000458D01*
X001157Y000455D01*
X001105Y000456D01*
X001053Y000461D01*
X001002Y000470D01*
X000951Y000483D01*
X000902Y000499D01*
X000853Y000519D01*
X000807Y000543D01*
X000763Y000570D01*
X000720Y000601D01*
X000680Y000634D01*
X000643Y000671D01*
X000609Y000710D01*
X000578Y000752D01*
X000549Y000796D01*
X000525Y000842D01*
X000504Y000889D01*
X000486Y000939D01*
X000473Y000989D01*
X000463Y001040D01*
X000457Y001092D01*
X000455Y001144D01*
X000534Y003753D02*
X000536Y003779D01*
X000542Y003805D01*
X000552Y003830D01*
X000565Y003853D01*
X000581Y003873D01*
X000601Y003891D01*
X000623Y003906D01*
X000646Y003918D01*
X000672Y003926D01*
X000698Y003930D01*
X000724Y003930D01*
X000750Y003926D01*
X000776Y003918D01*
X000800Y003906D01*
X000821Y003891D01*
X000841Y003873D01*
X000857Y003853D01*
X000870Y003830D01*
X000880Y003805D01*
X000886Y003779D01*
X000888Y003753D01*
X000886Y003727D01*
X000880Y003701D01*
X000870Y003676D01*
X000857Y003653D01*
X000841Y003633D01*
X000821Y003615D01*
X000799Y003600D01*
X000776Y003588D01*
X000750Y003580D01*
X000724Y003576D01*
X000698Y003576D01*
X000672Y003580D01*
X000646Y003588D01*
X000622Y003600D01*
X000601Y003615D01*
X000581Y003633D01*
X000565Y003653D01*
X000552Y003676D01*
X000542Y003701D01*
X000536Y003727D01*
X000534Y003753D01*
X000534Y005071D02*
X000536Y005097D01*
X000542Y005123D01*
X000552Y005148D01*
X000565Y005171D01*
X000581Y005191D01*
X000601Y005209D01*
X000623Y005224D01*
X000646Y005236D01*
X000672Y005244D01*
X000698Y005248D01*
X000724Y005248D01*
X000750Y005244D01*
X000776Y005236D01*
X000800Y005224D01*
X000821Y005209D01*
X000841Y005191D01*
X000857Y005171D01*
X000870Y005148D01*
X000880Y005123D01*
X000886Y005097D01*
X000888Y005071D01*
X000886Y005045D01*
X000880Y005019D01*
X000870Y004994D01*
X000857Y004971D01*
X000841Y004951D01*
X000821Y004933D01*
X000799Y004918D01*
X000776Y004906D01*
X000750Y004898D01*
X000724Y004894D01*
X000698Y004894D01*
X000672Y004898D01*
X000646Y004906D01*
X000622Y004918D01*
X000601Y004933D01*
X000581Y004951D01*
X000565Y004971D01*
X000552Y004994D01*
X000542Y005019D01*
X000536Y005045D01*
X000534Y005071D01*
X000554Y007276D02*
X000556Y007302D01*
X000562Y007328D01*
X000572Y007353D01*
X000585Y007376D01*
X000601Y007396D01*
X000621Y007414D01*
X000643Y007429D01*
X000666Y007441D01*
X000692Y007449D01*
X000718Y007453D01*
X000744Y007453D01*
X000770Y007449D01*
X000796Y007441D01*
X000820Y007429D01*
X000841Y007414D01*
X000861Y007396D01*
X000877Y007376D01*
X000890Y007353D01*
X000900Y007328D01*
X000906Y007302D01*
X000908Y007276D01*
X000906Y007250D01*
X000900Y007224D01*
X000890Y007199D01*
X000877Y007176D01*
X000861Y007156D01*
X000841Y007138D01*
X000819Y007123D01*
X000796Y007111D01*
X000770Y007103D01*
X000744Y007099D01*
X000718Y007099D01*
X000692Y007103D01*
X000666Y007111D01*
X000642Y007123D01*
X000621Y007138D01*
X000601Y007156D01*
X000585Y007176D01*
X000572Y007199D01*
X000562Y007224D01*
X000556Y007250D01*
X000554Y007276D01*
X000554Y008595D02*
X000556Y008621D01*
X000562Y008647D01*
X000572Y008672D01*
X000585Y008695D01*
X000601Y008715D01*
X000621Y008733D01*
X000643Y008748D01*
X000666Y008760D01*
X000692Y008768D01*
X000718Y008772D01*
X000744Y008772D01*
X000770Y008768D01*
X000796Y008760D01*
X000820Y008748D01*
X000841Y008733D01*
X000861Y008715D01*
X000877Y008695D01*
X000890Y008672D01*
X000900Y008647D01*
X000906Y008621D01*
X000908Y008595D01*
X000906Y008569D01*
X000900Y008543D01*
X000890Y008518D01*
X000877Y008495D01*
X000861Y008475D01*
X000841Y008457D01*
X000819Y008442D01*
X000796Y008430D01*
X000770Y008422D01*
X000744Y008418D01*
X000718Y008418D01*
X000692Y008422D01*
X000666Y008430D01*
X000642Y008442D01*
X000621Y008457D01*
X000601Y008475D01*
X000585Y008495D01*
X000572Y008518D01*
X000562Y008543D01*
X000556Y008569D01*
X000554Y008595D01*
X000455Y014924D02*
X000457Y014976D01*
X000463Y015028D01*
X000473Y015079D01*
X000486Y015129D01*
X000504Y015179D01*
X000525Y015226D01*
X000549Y015272D01*
X000578Y015316D01*
X000609Y015358D01*
X000643Y015397D01*
X000680Y015434D01*
X000720Y015467D01*
X000763Y015498D01*
X000807Y015525D01*
X000853Y015549D01*
X000902Y015569D01*
X000951Y015585D01*
X001002Y015598D01*
X001053Y015607D01*
X001105Y015612D01*
X001157Y015613D01*
X001209Y015610D01*
X001261Y015603D01*
X001312Y015592D01*
X001362Y015578D01*
X001411Y015559D01*
X001458Y015537D01*
X001503Y015512D01*
X001547Y015483D01*
X001588Y015451D01*
X001627Y015416D01*
X001662Y015378D01*
X001695Y015337D01*
X001725Y015295D01*
X001751Y015250D01*
X001774Y015203D01*
X001793Y015154D01*
X001809Y015104D01*
X001821Y015054D01*
X001829Y015002D01*
X001833Y014950D01*
X001833Y014898D01*
X001829Y014846D01*
X001821Y014794D01*
X001809Y014744D01*
X001793Y014694D01*
X001774Y014645D01*
X001751Y014598D01*
X001725Y014553D01*
X001695Y014511D01*
X001662Y014470D01*
X001627Y014432D01*
X001588Y014397D01*
X001547Y014365D01*
X001503Y014336D01*
X001458Y014311D01*
X001411Y014289D01*
X001362Y014270D01*
X001312Y014256D01*
X001261Y014245D01*
X001209Y014238D01*
X001157Y014235D01*
X001105Y014236D01*
X001053Y014241D01*
X001002Y014250D01*
X000951Y014263D01*
X000902Y014279D01*
X000853Y014299D01*
X000807Y014323D01*
X000763Y014350D01*
X000720Y014381D01*
X000680Y014414D01*
X000643Y014451D01*
X000609Y014490D01*
X000578Y014532D01*
X000549Y014576D01*
X000525Y014622D01*
X000504Y014669D01*
X000486Y014719D01*
X000473Y014769D01*
X000463Y014820D01*
X000457Y014872D01*
X000455Y014924D01*
X005770Y000751D02*
X005772Y000777D01*
X005778Y000803D01*
X005788Y000828D01*
X005801Y000851D01*
X005817Y000871D01*
X005837Y000889D01*
X005859Y000904D01*
X005882Y000916D01*
X005908Y000924D01*
X005934Y000928D01*
X005960Y000928D01*
X005986Y000924D01*
X006012Y000916D01*
X006036Y000904D01*
X006057Y000889D01*
X006077Y000871D01*
X006093Y000851D01*
X006106Y000828D01*
X006116Y000803D01*
X006122Y000777D01*
X006124Y000751D01*
X006122Y000725D01*
X006116Y000699D01*
X006106Y000674D01*
X006093Y000651D01*
X006077Y000631D01*
X006057Y000613D01*
X006035Y000598D01*
X006012Y000586D01*
X005986Y000578D01*
X005960Y000574D01*
X005934Y000574D01*
X005908Y000578D01*
X005882Y000586D01*
X005858Y000598D01*
X005837Y000613D01*
X005817Y000631D01*
X005801Y000651D01*
X005788Y000674D01*
X005778Y000699D01*
X005772Y000725D01*
X005770Y000751D01*
X007581Y000751D02*
X007583Y000777D01*
X007589Y000803D01*
X007599Y000828D01*
X007612Y000851D01*
X007628Y000871D01*
X007648Y000889D01*
X007670Y000904D01*
X007693Y000916D01*
X007719Y000924D01*
X007745Y000928D01*
X007771Y000928D01*
X007797Y000924D01*
X007823Y000916D01*
X007847Y000904D01*
X007868Y000889D01*
X007888Y000871D01*
X007904Y000851D01*
X007917Y000828D01*
X007927Y000803D01*
X007933Y000777D01*
X007935Y000751D01*
X007933Y000725D01*
X007927Y000699D01*
X007917Y000674D01*
X007904Y000651D01*
X007888Y000631D01*
X007868Y000613D01*
X007846Y000598D01*
X007823Y000586D01*
X007797Y000578D01*
X007771Y000574D01*
X007745Y000574D01*
X007719Y000578D01*
X007693Y000586D01*
X007669Y000598D01*
X007648Y000613D01*
X007628Y000631D01*
X007612Y000651D01*
X007599Y000674D01*
X007589Y000699D01*
X007583Y000725D01*
X007581Y000751D01*
X010544Y000751D02*
X010546Y000777D01*
X010552Y000803D01*
X010562Y000828D01*
X010575Y000851D01*
X010591Y000871D01*
X010611Y000889D01*
X010633Y000904D01*
X010656Y000916D01*
X010682Y000924D01*
X010708Y000928D01*
X010734Y000928D01*
X010760Y000924D01*
X010786Y000916D01*
X010810Y000904D01*
X010831Y000889D01*
X010851Y000871D01*
X010867Y000851D01*
X010880Y000828D01*
X010890Y000803D01*
X010896Y000777D01*
X010898Y000751D01*
X010896Y000725D01*
X010890Y000699D01*
X010880Y000674D01*
X010867Y000651D01*
X010851Y000631D01*
X010831Y000613D01*
X010809Y000598D01*
X010786Y000586D01*
X010760Y000578D01*
X010734Y000574D01*
X010708Y000574D01*
X010682Y000578D01*
X010656Y000586D01*
X010632Y000598D01*
X010611Y000613D01*
X010591Y000631D01*
X010575Y000651D01*
X010562Y000674D01*
X010552Y000699D01*
X010546Y000725D01*
X010544Y000751D01*
X011863Y000751D02*
X011865Y000777D01*
X011871Y000803D01*
X011881Y000828D01*
X011894Y000851D01*
X011910Y000871D01*
X011930Y000889D01*
X011952Y000904D01*
X011975Y000916D01*
X012001Y000924D01*
X012027Y000928D01*
X012053Y000928D01*
X012079Y000924D01*
X012105Y000916D01*
X012129Y000904D01*
X012150Y000889D01*
X012170Y000871D01*
X012186Y000851D01*
X012199Y000828D01*
X012209Y000803D01*
X012215Y000777D01*
X012217Y000751D01*
X012215Y000725D01*
X012209Y000699D01*
X012199Y000674D01*
X012186Y000651D01*
X012170Y000631D01*
X012150Y000613D01*
X012128Y000598D01*
X012105Y000586D01*
X012079Y000578D01*
X012053Y000574D01*
X012027Y000574D01*
X012001Y000578D01*
X011975Y000586D01*
X011951Y000598D01*
X011930Y000613D01*
X011910Y000631D01*
X011894Y000651D01*
X011881Y000674D01*
X011871Y000699D01*
X011865Y000725D01*
X011863Y000751D01*
X014235Y001144D02*
X014237Y001196D01*
X014243Y001248D01*
X014253Y001299D01*
X014266Y001349D01*
X014284Y001399D01*
X014305Y001446D01*
X014329Y001492D01*
X014358Y001536D01*
X014389Y001578D01*
X014423Y001617D01*
X014460Y001654D01*
X014500Y001687D01*
X014543Y001718D01*
X014587Y001745D01*
X014633Y001769D01*
X014682Y001789D01*
X014731Y001805D01*
X014782Y001818D01*
X014833Y001827D01*
X014885Y001832D01*
X014937Y001833D01*
X014989Y001830D01*
X015041Y001823D01*
X015092Y001812D01*
X015142Y001798D01*
X015191Y001779D01*
X015238Y001757D01*
X015283Y001732D01*
X015327Y001703D01*
X015368Y001671D01*
X015407Y001636D01*
X015442Y001598D01*
X015475Y001557D01*
X015505Y001515D01*
X015531Y001470D01*
X015554Y001423D01*
X015573Y001374D01*
X015589Y001324D01*
X015601Y001274D01*
X015609Y001222D01*
X015613Y001170D01*
X015613Y001118D01*
X015609Y001066D01*
X015601Y001014D01*
X015589Y000964D01*
X015573Y000914D01*
X015554Y000865D01*
X015531Y000818D01*
X015505Y000773D01*
X015475Y000731D01*
X015442Y000690D01*
X015407Y000652D01*
X015368Y000617D01*
X015327Y000585D01*
X015283Y000556D01*
X015238Y000531D01*
X015191Y000509D01*
X015142Y000490D01*
X015092Y000476D01*
X015041Y000465D01*
X014989Y000458D01*
X014937Y000455D01*
X014885Y000456D01*
X014833Y000461D01*
X014782Y000470D01*
X014731Y000483D01*
X014682Y000499D01*
X014633Y000519D01*
X014587Y000543D01*
X014543Y000570D01*
X014500Y000601D01*
X014460Y000634D01*
X014423Y000671D01*
X014389Y000710D01*
X014358Y000752D01*
X014329Y000796D01*
X014305Y000842D01*
X014284Y000889D01*
X014266Y000939D01*
X014253Y000989D01*
X014243Y001040D01*
X014237Y001092D01*
X014235Y001144D01*
X014235Y014924D02*
X014237Y014976D01*
X014243Y015028D01*
X014253Y015079D01*
X014266Y015129D01*
X014284Y015179D01*
X014305Y015226D01*
X014329Y015272D01*
X014358Y015316D01*
X014389Y015358D01*
X014423Y015397D01*
X014460Y015434D01*
X014500Y015467D01*
X014543Y015498D01*
X014587Y015525D01*
X014633Y015549D01*
X014682Y015569D01*
X014731Y015585D01*
X014782Y015598D01*
X014833Y015607D01*
X014885Y015612D01*
X014937Y015613D01*
X014989Y015610D01*
X015041Y015603D01*
X015092Y015592D01*
X015142Y015578D01*
X015191Y015559D01*
X015238Y015537D01*
X015283Y015512D01*
X015327Y015483D01*
X015368Y015451D01*
X015407Y015416D01*
X015442Y015378D01*
X015475Y015337D01*
X015505Y015295D01*
X015531Y015250D01*
X015554Y015203D01*
X015573Y015154D01*
X015589Y015104D01*
X015601Y015054D01*
X015609Y015002D01*
X015613Y014950D01*
X015613Y014898D01*
X015609Y014846D01*
X015601Y014794D01*
X015589Y014744D01*
X015573Y014694D01*
X015554Y014645D01*
X015531Y014598D01*
X015505Y014553D01*
X015475Y014511D01*
X015442Y014470D01*
X015407Y014432D01*
X015368Y014397D01*
X015327Y014365D01*
X015283Y014336D01*
X015238Y014311D01*
X015191Y014289D01*
X015142Y014270D01*
X015092Y014256D01*
X015041Y014245D01*
X014989Y014238D01*
X014937Y014235D01*
X014885Y014236D01*
X014833Y014241D01*
X014782Y014250D01*
X014731Y014263D01*
X014682Y014279D01*
X014633Y014299D01*
X014587Y014323D01*
X014543Y014350D01*
X014500Y014381D01*
X014460Y014414D01*
X014423Y014451D01*
X014389Y014490D01*
X014358Y014532D01*
X014329Y014576D01*
X014305Y014622D01*
X014284Y014669D01*
X014266Y014719D01*
X014253Y014769D01*
X014243Y014820D01*
X014237Y014872D01*
X014235Y014924D01*
M02*
