G75*
G70*
%OFA0B0*%
%FSLAX24Y24*%
%IPPOS*%
%LPD*%
%AMOC8*
5,1,8,0,0,1.08239X$1,22.5*
%
%ADD10C,0.0000*%
D10*
X000150Y000150D02*
X000150Y015898D01*
X015898Y015898D01*
X015898Y000150D01*
X000150Y000150D01*
X000445Y001134D02*
X000447Y001186D01*
X000453Y001238D01*
X000463Y001289D01*
X000476Y001339D01*
X000494Y001389D01*
X000515Y001436D01*
X000539Y001482D01*
X000568Y001526D01*
X000599Y001568D01*
X000633Y001607D01*
X000670Y001644D01*
X000710Y001677D01*
X000753Y001708D01*
X000797Y001735D01*
X000843Y001759D01*
X000892Y001779D01*
X000941Y001795D01*
X000992Y001808D01*
X001043Y001817D01*
X001095Y001822D01*
X001147Y001823D01*
X001199Y001820D01*
X001251Y001813D01*
X001302Y001802D01*
X001352Y001788D01*
X001401Y001769D01*
X001448Y001747D01*
X001493Y001722D01*
X001537Y001693D01*
X001578Y001661D01*
X001617Y001626D01*
X001652Y001588D01*
X001685Y001547D01*
X001715Y001505D01*
X001741Y001460D01*
X001764Y001413D01*
X001783Y001364D01*
X001799Y001314D01*
X001811Y001264D01*
X001819Y001212D01*
X001823Y001160D01*
X001823Y001108D01*
X001819Y001056D01*
X001811Y001004D01*
X001799Y000954D01*
X001783Y000904D01*
X001764Y000855D01*
X001741Y000808D01*
X001715Y000763D01*
X001685Y000721D01*
X001652Y000680D01*
X001617Y000642D01*
X001578Y000607D01*
X001537Y000575D01*
X001493Y000546D01*
X001448Y000521D01*
X001401Y000499D01*
X001352Y000480D01*
X001302Y000466D01*
X001251Y000455D01*
X001199Y000448D01*
X001147Y000445D01*
X001095Y000446D01*
X001043Y000451D01*
X000992Y000460D01*
X000941Y000473D01*
X000892Y000489D01*
X000843Y000509D01*
X000797Y000533D01*
X000753Y000560D01*
X000710Y000591D01*
X000670Y000624D01*
X000633Y000661D01*
X000599Y000700D01*
X000568Y000742D01*
X000539Y000786D01*
X000515Y000832D01*
X000494Y000879D01*
X000476Y000929D01*
X000463Y000979D01*
X000453Y001030D01*
X000447Y001082D01*
X000445Y001134D01*
X002463Y013339D02*
X002465Y013365D01*
X002471Y013391D01*
X002481Y013416D01*
X002494Y013439D01*
X002510Y013459D01*
X002530Y013477D01*
X002552Y013492D01*
X002575Y013504D01*
X002601Y013512D01*
X002627Y013516D01*
X002653Y013516D01*
X002679Y013512D01*
X002705Y013504D01*
X002729Y013492D01*
X002750Y013477D01*
X002770Y013459D01*
X002786Y013439D01*
X002799Y013416D01*
X002809Y013391D01*
X002815Y013365D01*
X002817Y013339D01*
X002815Y013313D01*
X002809Y013287D01*
X002799Y013262D01*
X002786Y013239D01*
X002770Y013219D01*
X002750Y013201D01*
X002728Y013186D01*
X002705Y013174D01*
X002679Y013166D01*
X002653Y013162D01*
X002627Y013162D01*
X002601Y013166D01*
X002575Y013174D01*
X002551Y013186D01*
X002530Y013201D01*
X002510Y013219D01*
X002494Y013239D01*
X002481Y013262D01*
X002471Y013287D01*
X002465Y013313D01*
X002463Y013339D01*
X003782Y013339D02*
X003784Y013365D01*
X003790Y013391D01*
X003800Y013416D01*
X003813Y013439D01*
X003829Y013459D01*
X003849Y013477D01*
X003871Y013492D01*
X003894Y013504D01*
X003920Y013512D01*
X003946Y013516D01*
X003972Y013516D01*
X003998Y013512D01*
X004024Y013504D01*
X004048Y013492D01*
X004069Y013477D01*
X004089Y013459D01*
X004105Y013439D01*
X004118Y013416D01*
X004128Y013391D01*
X004134Y013365D01*
X004136Y013339D01*
X004134Y013313D01*
X004128Y013287D01*
X004118Y013262D01*
X004105Y013239D01*
X004089Y013219D01*
X004069Y013201D01*
X004047Y013186D01*
X004024Y013174D01*
X003998Y013166D01*
X003972Y013162D01*
X003946Y013162D01*
X003920Y013166D01*
X003894Y013174D01*
X003870Y013186D01*
X003849Y013201D01*
X003829Y013219D01*
X003813Y013239D01*
X003800Y013262D01*
X003790Y013287D01*
X003784Y013313D01*
X003782Y013339D01*
X000445Y014914D02*
X000447Y014966D01*
X000453Y015018D01*
X000463Y015069D01*
X000476Y015119D01*
X000494Y015169D01*
X000515Y015216D01*
X000539Y015262D01*
X000568Y015306D01*
X000599Y015348D01*
X000633Y015387D01*
X000670Y015424D01*
X000710Y015457D01*
X000753Y015488D01*
X000797Y015515D01*
X000843Y015539D01*
X000892Y015559D01*
X000941Y015575D01*
X000992Y015588D01*
X001043Y015597D01*
X001095Y015602D01*
X001147Y015603D01*
X001199Y015600D01*
X001251Y015593D01*
X001302Y015582D01*
X001352Y015568D01*
X001401Y015549D01*
X001448Y015527D01*
X001493Y015502D01*
X001537Y015473D01*
X001578Y015441D01*
X001617Y015406D01*
X001652Y015368D01*
X001685Y015327D01*
X001715Y015285D01*
X001741Y015240D01*
X001764Y015193D01*
X001783Y015144D01*
X001799Y015094D01*
X001811Y015044D01*
X001819Y014992D01*
X001823Y014940D01*
X001823Y014888D01*
X001819Y014836D01*
X001811Y014784D01*
X001799Y014734D01*
X001783Y014684D01*
X001764Y014635D01*
X001741Y014588D01*
X001715Y014543D01*
X001685Y014501D01*
X001652Y014460D01*
X001617Y014422D01*
X001578Y014387D01*
X001537Y014355D01*
X001493Y014326D01*
X001448Y014301D01*
X001401Y014279D01*
X001352Y014260D01*
X001302Y014246D01*
X001251Y014235D01*
X001199Y014228D01*
X001147Y014225D01*
X001095Y014226D01*
X001043Y014231D01*
X000992Y014240D01*
X000941Y014253D01*
X000892Y014269D01*
X000843Y014289D01*
X000797Y014313D01*
X000753Y014340D01*
X000710Y014371D01*
X000670Y014404D01*
X000633Y014441D01*
X000599Y014480D01*
X000568Y014522D01*
X000539Y014566D01*
X000515Y014612D01*
X000494Y014659D01*
X000476Y014709D01*
X000463Y014759D01*
X000453Y014810D01*
X000447Y014862D01*
X000445Y014914D01*
X014225Y014914D02*
X014227Y014966D01*
X014233Y015018D01*
X014243Y015069D01*
X014256Y015119D01*
X014274Y015169D01*
X014295Y015216D01*
X014319Y015262D01*
X014348Y015306D01*
X014379Y015348D01*
X014413Y015387D01*
X014450Y015424D01*
X014490Y015457D01*
X014533Y015488D01*
X014577Y015515D01*
X014623Y015539D01*
X014672Y015559D01*
X014721Y015575D01*
X014772Y015588D01*
X014823Y015597D01*
X014875Y015602D01*
X014927Y015603D01*
X014979Y015600D01*
X015031Y015593D01*
X015082Y015582D01*
X015132Y015568D01*
X015181Y015549D01*
X015228Y015527D01*
X015273Y015502D01*
X015317Y015473D01*
X015358Y015441D01*
X015397Y015406D01*
X015432Y015368D01*
X015465Y015327D01*
X015495Y015285D01*
X015521Y015240D01*
X015544Y015193D01*
X015563Y015144D01*
X015579Y015094D01*
X015591Y015044D01*
X015599Y014992D01*
X015603Y014940D01*
X015603Y014888D01*
X015599Y014836D01*
X015591Y014784D01*
X015579Y014734D01*
X015563Y014684D01*
X015544Y014635D01*
X015521Y014588D01*
X015495Y014543D01*
X015465Y014501D01*
X015432Y014460D01*
X015397Y014422D01*
X015358Y014387D01*
X015317Y014355D01*
X015273Y014326D01*
X015228Y014301D01*
X015181Y014279D01*
X015132Y014260D01*
X015082Y014246D01*
X015031Y014235D01*
X014979Y014228D01*
X014927Y014225D01*
X014875Y014226D01*
X014823Y014231D01*
X014772Y014240D01*
X014721Y014253D01*
X014672Y014269D01*
X014623Y014289D01*
X014577Y014313D01*
X014533Y014340D01*
X014490Y014371D01*
X014450Y014404D01*
X014413Y014441D01*
X014379Y014480D01*
X014348Y014522D01*
X014319Y014566D01*
X014295Y014612D01*
X014274Y014659D01*
X014256Y014709D01*
X014243Y014759D01*
X014233Y014810D01*
X014227Y014862D01*
X014225Y014914D01*
X014225Y001134D02*
X014227Y001186D01*
X014233Y001238D01*
X014243Y001289D01*
X014256Y001339D01*
X014274Y001389D01*
X014295Y001436D01*
X014319Y001482D01*
X014348Y001526D01*
X014379Y001568D01*
X014413Y001607D01*
X014450Y001644D01*
X014490Y001677D01*
X014533Y001708D01*
X014577Y001735D01*
X014623Y001759D01*
X014672Y001779D01*
X014721Y001795D01*
X014772Y001808D01*
X014823Y001817D01*
X014875Y001822D01*
X014927Y001823D01*
X014979Y001820D01*
X015031Y001813D01*
X015082Y001802D01*
X015132Y001788D01*
X015181Y001769D01*
X015228Y001747D01*
X015273Y001722D01*
X015317Y001693D01*
X015358Y001661D01*
X015397Y001626D01*
X015432Y001588D01*
X015465Y001547D01*
X015495Y001505D01*
X015521Y001460D01*
X015544Y001413D01*
X015563Y001364D01*
X015579Y001314D01*
X015591Y001264D01*
X015599Y001212D01*
X015603Y001160D01*
X015603Y001108D01*
X015599Y001056D01*
X015591Y001004D01*
X015579Y000954D01*
X015563Y000904D01*
X015544Y000855D01*
X015521Y000808D01*
X015495Y000763D01*
X015465Y000721D01*
X015432Y000680D01*
X015397Y000642D01*
X015358Y000607D01*
X015317Y000575D01*
X015273Y000546D01*
X015228Y000521D01*
X015181Y000499D01*
X015132Y000480D01*
X015082Y000466D01*
X015031Y000455D01*
X014979Y000448D01*
X014927Y000445D01*
X014875Y000446D01*
X014823Y000451D01*
X014772Y000460D01*
X014721Y000473D01*
X014672Y000489D01*
X014623Y000509D01*
X014577Y000533D01*
X014533Y000560D01*
X014490Y000591D01*
X014450Y000624D01*
X014413Y000661D01*
X014379Y000700D01*
X014348Y000742D01*
X014319Y000786D01*
X014295Y000832D01*
X014274Y000879D01*
X014256Y000929D01*
X014243Y000979D01*
X014233Y001030D01*
X014227Y001082D01*
X014225Y001134D01*
M02*
